<?xml version="1.0" encoding="UTF-8"?>
<coverage generated="1611154680067" clover="3.2.0">
  <project timestamp="1611154680068" name="All files">
    <metrics statements="31" coveredstatements="22" conditionals="63" coveredconditionals="44" methods="3" coveredmethods="3" elements="97" coveredelements="69" complexity="0" loc="31" ncloc="31" packages="1" files="1" classes="1"/>
    <file name="index.ts" path="C:\Users\simon.huprich\Desktop\Timeframe\timeframe\src\index.ts">
      <metrics statements="31" coveredstatements="22" conditionals="63" coveredconditionals="44" methods="3" coveredmethods="3"/>
      <line num="1" count="1" type="stmt"/>
      <line num="13" count="1" type="stmt"/>
      <line num="18" count="6" type="cond" truecount="2" falsecount="0"/>
      <line num="22" count="6" type="cond" truecount="2" falsecount="0"/>
      <line num="28" count="6" type="cond" truecount="2" falsecount="0"/>
      <line num="29" count="4" type="cond" truecount="3" falsecount="1"/>
      <line num="31" count="4" type="stmt"/>
      <line num="33" count="4" type="cond" truecount="3" falsecount="0"/>
      <line num="42" count="1" type="stmt"/>
      <line num="43" count="2" type="stmt"/>
      <line num="47" count="2" type="stmt"/>
      <line num="52" count="2" type="stmt"/>
      <line num="53" count="2" type="stmt"/>
      <line num="61" count="1" type="stmt"/>
      <line num="63" count="4" type="stmt"/>
      <line num="66" count="1" type="stmt"/>
      <line num="69" count="1" type="stmt"/>
      <line num="70" count="1" type="cond" truecount="2" falsecount="2"/>
      <line num="71" count="0" type="stmt"/>
      <line num="74" count="1" type="stmt"/>
      <line num="75" count="1" type="cond" truecount="2" falsecount="2"/>
      <line num="76" count="0" type="stmt"/>
      <line num="79" count="1" type="stmt"/>
      <line num="80" count="1" type="cond" truecount="3" falsecount="1"/>
      <line num="81" count="0" type="cond" truecount="0" falsecount="4"/>
      <line num="83" count="0" type="stmt"/>
      <line num="84" count="0" type="cond" truecount="0" falsecount="4"/>
      <line num="85" count="0" type="cond" truecount="0" falsecount="4"/>
      <line num="87" count="0" type="stmt"/>
      <line num="90" count="0" type="stmt"/>
      <line num="93" count="0" type="stmt"/>
    </file>
  </project>
</coverage>
