{"C:\\Users\\simon.huprich\\Desktop\\Timeframe\\timeframe\\src\\index.ts": {"path":"C:\\Users\\simon.huprich\\Desktop\\Timeframe\\timeframe\\src\\index.ts","statementMap":{"0":{"start":{"line":1,"column":0},"end":{"line":1,"column":27}},"1":{"start":{"line":18,"column":4},"end":{"line":20,"column":23}},"2":{"start":{"line":22,"column":4},"end":{"line":26,"column":14}},"3":{"start":{"line":28,"column":2},"end":{"line":28,"column":null}},"4":{"start":{"line":28,"column":16},"end":{"line":28,"column":null}},"5":{"start":{"line":29,"column":2},"end":{"line":29,"column":null}},"6":{"start":{"line":29,"column":30},"end":{"line":29,"column":null}},"7":{"start":{"line":31,"column":14},"end":{"line":31,"column":34}},"8":{"start":{"line":33,"column":2},"end":{"line":33,"column":null}},"9":{"start":{"line":13,"column":0},"end":{"line":13,"column":16}},"10":{"start":{"line":43,"column":27},"end":{"line":46,"column":null}},"11":{"start":{"line":47,"column":27},"end":{"line":50,"column":null}},"12":{"start":{"line":52,"column":17},"end":{"line":52,"column":60}},"13":{"start":{"line":53,"column":2},"end":{"line":53,"column":null}},"14":{"start":{"line":42,"column":0},"end":{"line":42,"column":16}},"15":{"start":{"line":63,"column":2},"end":{"line":91,"column":null}},"16":{"start":{"line":66,"column":6},"end":{"line":66,"column":null}},"17":{"start":{"line":69,"column":6},"end":{"line":69,"column":null}},"18":{"start":{"line":70,"column":6},"end":{"line":70,"column":null}},"19":{"start":{"line":70,"column":72},"end":{"line":70,"column":null}},"20":{"start":{"line":71,"column":6},"end":{"line":71,"column":11}},"21":{"start":{"line":74,"column":6},"end":{"line":74,"column":null}},"22":{"start":{"line":75,"column":6},"end":{"line":75,"column":null}},"23":{"start":{"line":75,"column":72},"end":{"line":75,"column":null}},"24":{"start":{"line":76,"column":6},"end":{"line":76,"column":11}},"25":{"start":{"line":79,"column":6},"end":{"line":79,"column":null}},"26":{"start":{"line":80,"column":6},"end":{"line":80,"column":null}},"27":{"start":{"line":80,"column":73},"end":{"line":80,"column":null}},"28":{"start":{"line":81,"column":6},"end":{"line":81,"column":null}},"29":{"start":{"line":81,"column":69},"end":{"line":81,"column":null}},"30":{"start":{"line":83,"column":6},"end":{"line":83,"column":null}},"31":{"start":{"line":84,"column":6},"end":{"line":84,"column":null}},"32":{"start":{"line":84,"column":73},"end":{"line":84,"column":null}},"33":{"start":{"line":85,"column":6},"end":{"line":85,"column":null}},"34":{"start":{"line":85,"column":69},"end":{"line":85,"column":null}},"35":{"start":{"line":87,"column":6},"end":{"line":87,"column":11}},"36":{"start":{"line":90,"column":6},"end":{"line":90,"column":null}},"37":{"start":{"line":93,"column":2},"end":{"line":93,"column":null}},"38":{"start":{"line":61,"column":0},"end":{"line":61,"column":16}}},"fnMap":{"0":{"name":"checkNowIsInTimeframe","decl":{"start":{"line":13,"column":16},"end":{"line":13,"column":37}},"loc":{"start":{"line":15,"column":36},"end":{"line":34,"column":1}}},"1":{"name":"checkIsSameTimeframe","decl":{"start":{"line":42,"column":16},"end":{"line":42,"column":36}},"loc":{"start":{"line":42,"column":69},"end":{"line":54,"column":1}}},"2":{"name":"checkTimeframesOverlap","decl":{"start":{"line":61,"column":16},"end":{"line":61,"column":38}},"loc":{"start":{"line":61,"column":71},"end":{"line":94,"column":1}}}},"branchMap":{"0":{"loc":{"start":{"line":19,"column":8},"end":{"line":19,"column":33}},"type":"cond-expr","locations":[{"start":{"line":19,"column":8},"end":{"line":19,"column":33}},{"start":{"line":20,"column":8},"end":{"line":20,"column":23}}]},"1":{"loc":{"start":{"line":18,"column":4},"end":{"line":18,"column":29}},"type":"binary-expr","locations":[{"start":{"line":18,"column":4},"end":{"line":18,"column":29}},{"start":{"line":18,"column":33},"end":{"line":18,"column":58}}]},"2":{"loc":{"start":{"line":23,"column":8},"end":{"line":23,"column":31}},"type":"cond-expr","locations":[{"start":{"line":23,"column":8},"end":{"line":23,"column":31}},{"start":{"line":24,"column":8},"end":{"line":26,"column":14}}]},"3":{"loc":{"start":{"line":22,"column":4},"end":{"line":22,"column":27}},"type":"binary-expr","locations":[{"start":{"line":22,"column":4},"end":{"line":22,"column":27}},{"start":{"line":22,"column":31},"end":{"line":22,"column":54}}]},"4":{"loc":{"start":{"line":25,"column":10},"end":{"line":25,"column":23}},"type":"cond-expr","locations":[{"start":{"line":25,"column":10},"end":{"line":25,"column":23}},{"start":{"line":26,"column":10},"end":{"line":26,"column":14}}]},"5":{"loc":{"start":{"line":28,"column":2},"end":{"line":28,"column":null}},"type":"if","locations":[{"start":{"line":28,"column":2},"end":{"line":28,"column":null}},{"start":{"line":28,"column":2},"end":{"line":28,"column":null}}]},"6":{"loc":{"start":{"line":29,"column":2},"end":{"line":29,"column":null}},"type":"if","locations":[{"start":{"line":29,"column":2},"end":{"line":29,"column":null}},{"start":{"line":29,"column":2},"end":{"line":29,"column":null}}]},"7":{"loc":{"start":{"line":29,"column":6},"end":{"line":29,"column":16}},"type":"binary-expr","locations":[{"start":{"line":29,"column":6},"end":{"line":29,"column":16}},{"start":{"line":29,"column":20},"end":{"line":29,"column":28}}]},"8":{"loc":{"start":{"line":33,"column":9},"end":{"line":33,"column":17}},"type":"binary-expr","locations":[{"start":{"line":33,"column":9},"end":{"line":33,"column":17}},{"start":{"line":33,"column":22},"end":{"line":33,"column":24}},{"start":{"line":33,"column":28},"end":{"line":33,"column":35}}]},"9":{"loc":{"start":{"line":45,"column":16},"end":{"line":45,"column":20}},"type":"cond-expr","locations":[{"start":{"line":45,"column":16},"end":{"line":45,"column":20}},{"start":{"line":45,"column":23},"end":{"line":45,"column":51}}]},"10":{"loc":{"start":{"line":49,"column":16},"end":{"line":49,"column":20}},"type":"cond-expr","locations":[{"start":{"line":49,"column":16},"end":{"line":49,"column":20}},{"start":{"line":49,"column":23},"end":{"line":49,"column":51}}]},"11":{"loc":{"start":{"line":65,"column":4},"end":{"line":66,"column":null}},"type":"switch","locations":[{"start":{"line":65,"column":4},"end":{"line":66,"column":null}},{"start":{"line":68,"column":4},"end":{"line":71,"column":11}},{"start":{"line":73,"column":4},"end":{"line":76,"column":11}},{"start":{"line":78,"column":4},"end":{"line":87,"column":11}},{"start":{"line":89,"column":4},"end":{"line":90,"column":null}}]},"12":{"loc":{"start":{"line":65,"column":9},"end":{"line":65,"column":18}},"type":"binary-expr","locations":[{"start":{"line":65,"column":9},"end":{"line":65,"column":18}},{"start":{"line":65,"column":22},"end":{"line":65,"column":31}}]},"13":{"loc":{"start":{"line":68,"column":9},"end":{"line":68,"column":18}},"type":"binary-expr","locations":[{"start":{"line":68,"column":9},"end":{"line":68,"column":18}},{"start":{"line":68,"column":22},"end":{"line":68,"column":30}},{"start":{"line":68,"column":34},"end":{"line":68,"column":38}}]},"14":{"loc":{"start":{"line":70,"column":6},"end":{"line":70,"column":null}},"type":"if","locations":[{"start":{"line":70,"column":6},"end":{"line":70,"column":null}},{"start":{"line":70,"column":6},"end":{"line":70,"column":null}}]},"15":{"loc":{"start":{"line":70,"column":10},"end":{"line":70,"column":41}},"type":"binary-expr","locations":[{"start":{"line":70,"column":10},"end":{"line":70,"column":41}},{"start":{"line":70,"column":45},"end":{"line":70,"column":70}}]},"16":{"loc":{"start":{"line":73,"column":9},"end":{"line":73,"column":18}},"type":"binary-expr","locations":[{"start":{"line":73,"column":9},"end":{"line":73,"column":18}},{"start":{"line":73,"column":22},"end":{"line":73,"column":30}},{"start":{"line":73,"column":34},"end":{"line":73,"column":38}}]},"17":{"loc":{"start":{"line":75,"column":6},"end":{"line":75,"column":null}},"type":"if","locations":[{"start":{"line":75,"column":6},"end":{"line":75,"column":null}},{"start":{"line":75,"column":6},"end":{"line":75,"column":null}}]},"18":{"loc":{"start":{"line":75,"column":10},"end":{"line":75,"column":41}},"type":"binary-expr","locations":[{"start":{"line":75,"column":10},"end":{"line":75,"column":41}},{"start":{"line":75,"column":45},"end":{"line":75,"column":70}}]},"19":{"loc":{"start":{"line":78,"column":9},"end":{"line":78,"column":17}},"type":"binary-expr","locations":[{"start":{"line":78,"column":9},"end":{"line":78,"column":17}},{"start":{"line":78,"column":21},"end":{"line":78,"column":29}},{"start":{"line":78,"column":33},"end":{"line":78,"column":37}}]},"20":{"loc":{"start":{"line":80,"column":6},"end":{"line":80,"column":null}},"type":"if","locations":[{"start":{"line":80,"column":6},"end":{"line":80,"column":null}},{"start":{"line":80,"column":6},"end":{"line":80,"column":null}}]},"21":{"loc":{"start":{"line":80,"column":10},"end":{"line":80,"column":42}},"type":"binary-expr","locations":[{"start":{"line":80,"column":10},"end":{"line":80,"column":42}},{"start":{"line":80,"column":46},"end":{"line":80,"column":71}}]},"22":{"loc":{"start":{"line":81,"column":6},"end":{"line":81,"column":null}},"type":"if","locations":[{"start":{"line":81,"column":6},"end":{"line":81,"column":null}},{"start":{"line":81,"column":6},"end":{"line":81,"column":null}}]},"23":{"loc":{"start":{"line":81,"column":10},"end":{"line":81,"column":34}},"type":"binary-expr","locations":[{"start":{"line":81,"column":10},"end":{"line":81,"column":34}},{"start":{"line":81,"column":38},"end":{"line":81,"column":67}}]},"24":{"loc":{"start":{"line":84,"column":6},"end":{"line":84,"column":null}},"type":"if","locations":[{"start":{"line":84,"column":6},"end":{"line":84,"column":null}},{"start":{"line":84,"column":6},"end":{"line":84,"column":null}}]},"25":{"loc":{"start":{"line":84,"column":10},"end":{"line":84,"column":42}},"type":"binary-expr","locations":[{"start":{"line":84,"column":10},"end":{"line":84,"column":42}},{"start":{"line":84,"column":46},"end":{"line":84,"column":71}}]},"26":{"loc":{"start":{"line":85,"column":6},"end":{"line":85,"column":null}},"type":"if","locations":[{"start":{"line":85,"column":6},"end":{"line":85,"column":null}},{"start":{"line":85,"column":6},"end":{"line":85,"column":null}}]},"27":{"loc":{"start":{"line":85,"column":10},"end":{"line":85,"column":34}},"type":"binary-expr","locations":[{"start":{"line":85,"column":10},"end":{"line":85,"column":34}},{"start":{"line":85,"column":38},"end":{"line":85,"column":67}}]}},"s":{"0":1,"1":6,"2":6,"3":6,"4":2,"5":4,"6":0,"7":4,"8":4,"9":1,"10":2,"11":2,"12":2,"13":2,"14":1,"15":4,"16":1,"17":1,"18":1,"19":1,"20":0,"21":1,"22":1,"23":1,"24":0,"25":1,"26":1,"27":1,"28":0,"29":0,"30":0,"31":0,"32":0,"33":0,"34":0,"35":0,"36":0,"37":0,"38":1},"f":{"0":6,"1":2,"2":4},"b":{"0":[4,2],"1":[6,5],"2":[3,3],"3":[6,5],"4":[1,2],"5":[2,4],"6":[0,4],"7":[4,3],"8":[4,4,3],"9":[1,1],"10":[1,1],"11":[1,1,1,1,0],"12":[4,2],"13":[3,1,1],"14":[1,0],"15":[1,0],"16":[2,1,1],"17":[1,0],"18":[1,0],"19":[1,1,1],"20":[1,0],"21":[1,1],"22":[0,0],"23":[0,0],"24":[0,0],"25":[0,0],"26":[0,0],"27":[0,0]}}
}
