TN:
SF:src\index.ts
FN:13,checkNowIsInTimeframe
FN:42,checkIsSameTimeframe
FN:61,checkTimeframesOverlap
FNF:3
FNH:3
FNDA:6,checkNowIsInTimeframe
FNDA:2,checkIsSameTimeframe
FNDA:4,checkTimeframesOverlap
DA:1,1
DA:13,1
DA:18,6
DA:22,6
DA:28,6
DA:29,4
DA:31,4
DA:33,4
DA:42,1
DA:43,2
DA:47,2
DA:52,2
DA:53,2
DA:61,1
DA:63,4
DA:66,1
DA:69,1
DA:70,1
DA:71,0
DA:74,1
DA:75,1
DA:76,0
DA:79,1
DA:80,1
DA:81,0
DA:83,0
DA:84,0
DA:85,0
DA:87,0
DA:90,0
DA:93,0
LF:31
LH:22
BRDA:19,0,0,4
BRDA:19,0,1,2
BRDA:18,1,0,6
BRDA:18,1,1,5
BRDA:23,2,0,3
BRDA:23,2,1,3
BRDA:22,3,0,6
BRDA:22,3,1,5
BRDA:25,4,0,1
BRDA:25,4,1,2
BRDA:28,5,0,2
BRDA:28,5,1,4
BRDA:29,6,0,0
BRDA:29,6,1,4
BRDA:29,7,0,4
BRDA:29,7,1,3
BRDA:33,8,0,4
BRDA:33,8,1,4
BRDA:33,8,2,3
BRDA:45,9,0,1
BRDA:45,9,1,1
BRDA:49,10,0,1
BRDA:49,10,1,1
BRDA:65,11,0,1
BRDA:65,11,1,1
BRDA:65,11,2,1
BRDA:65,11,3,1
BRDA:65,11,4,0
BRDA:65,12,0,4
BRDA:65,12,1,2
BRDA:68,13,0,3
BRDA:68,13,1,1
BRDA:68,13,2,1
BRDA:70,14,0,1
BRDA:70,14,1,0
BRDA:70,15,0,1
BRDA:70,15,1,0
BRDA:73,16,0,2
BRDA:73,16,1,1
BRDA:73,16,2,1
BRDA:75,17,0,1
BRDA:75,17,1,0
BRDA:75,18,0,1
BRDA:75,18,1,0
BRDA:78,19,0,1
BRDA:78,19,1,1
BRDA:78,19,2,1
BRDA:80,20,0,1
BRDA:80,20,1,0
BRDA:80,21,0,1
BRDA:80,21,1,1
BRDA:81,22,0,0
BRDA:81,22,1,0
BRDA:81,23,0,0
BRDA:81,23,1,0
BRDA:84,24,0,0
BRDA:84,24,1,0
BRDA:84,25,0,0
BRDA:84,25,1,0
BRDA:85,26,0,0
BRDA:85,26,1,0
BRDA:85,27,0,0
BRDA:85,27,1,0
BRF:63
BRH:44
end_of_record
